TN:
SF:src\database\connect.ts
FNF:0
FNH:0
DA:1,2
DA:3,2
DA:8,2
LF:3
LH:3
BRF:0
BRH:0
end_of_record
TN:
SF:src\exceptions\auth.exception.ts
FN:1,(anonymous_0)
FNF:1
FNH:0
FNDA:0,(anonymous_0)
DA:1,2
DA:2,0
DA:3,0
LF:3
LH:1
BRF:0
BRH:0
end_of_record
TN:
SF:src\exceptions\index.ts
FNF:0
FNH:0
DA:1,2
LF:1
LH:1
BRF:0
BRH:0
end_of_record
TN:
SF:src\models\contract.model.ts
FNF:0
FNH:0
DA:1,2
DA:2,2
DA:4,2
DA:40,2
LF:4
LH:4
BRF:0
BRH:0
end_of_record
TN:
SF:src\models\contract_device.model.ts
FNF:0
FNH:0
DA:1,2
DA:2,2
DA:3,2
DA:4,2
DA:6,2
DA:39,2
LF:6
LH:6
BRF:0
BRH:0
end_of_record
TN:
SF:src\models\device.model.ts
FNF:0
FNH:0
DA:1,1
DA:2,1
DA:10,1
DA:28,1
LF:4
LH:4
BRF:0
BRH:0
end_of_record
TN:
SF:src\models\request.model.ts
FNF:0
FNH:0
DA:1,1
DA:2,1
DA:4,1
DA:24,1
LF:4
LH:4
BRF:0
BRH:0
end_of_record
TN:
SF:src\models\request_device.model.ts
FNF:0
FNH:0
DA:1,2
DA:2,2
DA:3,2
DA:4,2
DA:6,2
DA:32,2
LF:6
LH:6
BRF:0
BRH:0
end_of_record
TN:
SF:src\models\user.model.ts
FNF:0
FNH:0
DA:1,1
DA:2,1
DA:4,1
DA:35,1
LF:4
LH:4
BRF:0
BRH:0
end_of_record
TN:
SF:src\services\contract.service.ts
FN:5,(anonymous_8)
FN:9,(anonymous_10)
FN:12,(anonymous_12)
FN:25,(anonymous_14)
FN:32,(anonymous_16)
FNF:5
FNH:0
FNDA:0,(anonymous_8)
FNDA:0,(anonymous_10)
FNDA:0,(anonymous_12)
FNDA:0,(anonymous_14)
FNDA:0,(anonymous_16)
DA:1,2
DA:2,2
DA:6,0
DA:10,0
DA:13,0
DA:15,0
DA:16,0
DA:19,0
DA:20,0
DA:22,0
DA:26,0
DA:27,0
DA:28,0
DA:29,0
DA:33,0
DA:34,0
DA:35,0
DA:38,2
LF:18
LH:3
BRDA:15,0,0,0
BRDA:19,1,0,0
BRDA:19,1,1,0
BRDA:20,2,0,0
BRDA:20,2,1,0
BRDA:27,3,0,0
BRDA:34,4,0,0
BRF:7
BRH:0
end_of_record
TN:
SF:src\services\contract_device.service.ts
FN:6,(anonymous_8)
FN:10,(anonymous_10)
FN:14,(anonymous_12)
FN:31,(anonymous_14)
FN:38,(anonymous_16)
FNF:5
FNH:0
FNDA:0,(anonymous_8)
FNDA:0,(anonymous_10)
FNDA:0,(anonymous_12)
FNDA:0,(anonymous_14)
FNDA:0,(anonymous_16)
DA:1,2
DA:2,2
DA:3,2
DA:7,0
DA:11,0
DA:15,0
DA:16,0
DA:18,0
DA:19,0
DA:21,0
DA:22,0
DA:26,0
DA:28,0
DA:32,0
DA:33,0
DA:35,0
DA:39,0
DA:40,0
DA:42,0
DA:46,2
LF:20
LH:4
BRDA:16,0,0,0
BRDA:19,1,0,0
BRDA:21,2,0,0
BRDA:33,3,0,0
BRDA:40,4,0,0
BRF:5
BRH:0
end_of_record
TN:
SF:src\services\device.service.ts
FN:4,(anonymous_8)
FN:8,(anonymous_10)
FN:12,(anonymous_12)
FN:16,(anonymous_14)
FN:23,(anonymous_16)
FNF:5
FNH:5
FNDA:1,(anonymous_8)
FNDA:1,(anonymous_10)
FNDA:1,(anonymous_12)
FNDA:2,(anonymous_14)
FNDA:2,(anonymous_16)
DA:1,2
DA:5,1
DA:9,1
DA:13,1
DA:17,2
DA:18,2
DA:19,1
DA:20,1
DA:24,2
DA:25,2
DA:26,1
DA:30,2
LF:12
LH:12
BRDA:18,0,0,1
BRDA:25,1,0,1
BRF:2
BRH:2
end_of_record
TN:
SF:src\services\index.ts
FNF:0
FNH:0
DA:1,2
DA:2,2
DA:3,2
DA:4,2
DA:5,2
DA:6,2
LF:6
LH:6
BRF:0
BRH:0
end_of_record
TN:
SF:src\services\request.service.ts
FN:5,(anonymous_8)
FN:9,(anonymous_10)
FN:13,(anonymous_12)
FN:19,(anonymous_14)
FN:26,(anonymous_16)
FNF:5
FNH:5
FNDA:1,(anonymous_8)
FNDA:1,(anonymous_10)
FNDA:2,(anonymous_12)
FNDA:2,(anonymous_14)
FNDA:2,(anonymous_16)
DA:1,2
DA:2,2
DA:6,1
DA:10,1
DA:14,2
DA:15,2
DA:16,1
DA:20,2
DA:21,2
DA:22,1
DA:23,1
DA:27,2
DA:28,2
DA:29,1
DA:32,2
LF:15
LH:15
BRDA:15,0,0,1
BRDA:21,1,0,1
BRDA:28,2,0,1
BRF:3
BRH:3
end_of_record
TN:
SF:src\services\request_device.service.ts
FN:6,(anonymous_8)
FN:10,(anonymous_10)
FN:14,(anonymous_12)
FN:23,(anonymous_14)
FN:33,(anonymous_16)
FNF:5
FNH:0
FNDA:0,(anonymous_8)
FNDA:0,(anonymous_10)
FNDA:0,(anonymous_12)
FNDA:0,(anonymous_14)
FNDA:0,(anonymous_16)
DA:1,2
DA:2,2
DA:3,2
DA:7,0
DA:11,0
DA:15,0
DA:16,0
DA:17,0
DA:18,0
DA:19,0
DA:20,0
DA:24,0
DA:25,0
DA:26,0
DA:27,0
DA:28,0
DA:29,0
DA:30,0
DA:34,0
DA:35,0
DA:36,0
DA:40,2
LF:22
LH:4
BRDA:16,0,0,0
BRDA:18,1,0,0
BRDA:19,2,0,0
BRDA:25,3,0,0
BRDA:27,4,0,0
BRDA:28,5,0,0
BRDA:35,6,0,0
BRF:7
BRH:0
end_of_record
TN:
SF:src\services\user.service.ts
FN:8,(anonymous_8)
FN:14,(anonymous_10)
FN:18,(anonymous_12)
FN:22,(anonymous_14)
FN:33,(anonymous_16)
FN:40,(anonymous_18)
FN:46,(anonymous_20)
FN:73,(anonymous_22)
FNF:8
FNH:0
FNDA:0,(anonymous_8)
FNDA:0,(anonymous_10)
FNDA:0,(anonymous_12)
FNDA:0,(anonymous_14)
FNDA:0,(anonymous_16)
FNDA:0,(anonymous_18)
FNDA:0,(anonymous_20)
FNDA:0,(anonymous_22)
DA:2,2
DA:3,2
DA:4,2
DA:5,2
DA:9,0
DA:10,0
DA:11,0
DA:15,0
DA:19,0
DA:23,0
DA:24,0
DA:26,0
DA:27,0
DA:30,0
DA:34,0
DA:35,0
DA:36,0
DA:37,0
DA:41,0
DA:42,0
DA:43,0
DA:47,0
DA:48,0
DA:49,0
DA:50,0
DA:51,0
DA:52,0
DA:54,0
DA:55,0
DA:56,0
DA:58,0
DA:69,0
DA:74,0
DA:75,0
DA:76,0
DA:77,0
DA:86,0
DA:92,2
LF:38
LH:5
BRDA:24,0,0,0
BRDA:26,1,0,0
BRDA:35,2,0,0
BRDA:42,3,0,0
BRDA:51,4,0,0
BRDA:55,5,0,0
BRDA:75,6,0,0
BRDA:84,7,0,0
BRDA:84,7,1,0
BRF:9
BRH:0
end_of_record
